<?xml version="1.0" encoding="UTF-8"?>
<!-- Generated by org.testng.reporters.JUnitXMLReporter -->
<testsuite ignored="10" hostname="DSK-4074" failures="0" tests="11" name=" ChromeTest" time="0.056" errors="0" timestamp="2024-02-05T19:26:35 IST">
  <testcase classname="testclasses.BaseClass" name="@BeforeSuite initBrowser" time="-1.707141395394E9">
    <failure type="org.testng.TestNGException" message="
Parameter &amp;apos;browser&amp;apos; is required by BeforeSuite on method initBrowser but has not been marked @Optional or defined
in C:\Users\vinashree.rathod\eclipse-workspace\PracticalAssesment2\Scenario1_testng.xml">
      <![CDATA[org.testng.TestNGException: 
Parameter 'browser' is required by BeforeSuite on method initBrowser but has not been marked @Optional or defined
in C:\Users\vinashree.rathod\eclipse-workspace\PracticalAssesment2\Scenario1_testng.xml
... Removed 16 stack frames]]>
    </failure>
  </testcase> <!-- @BeforeSuite initBrowser -->
  <testcase classname="testclasses.BaseClass" name="@BeforeClass createObject" time="0.0">
    <skipped/>
  </testcase> <!-- @BeforeClass createObject -->
  <testcase classname="testclasses.BaseClass" name="@BeforeClass createObject" time="0.0">
    <skipped/>
  </testcase> <!-- @BeforeClass createObject -->
  <testcase classname="testclasses.BaseClass" name="@BeforeClass createObject" time="0.0">
    <skipped/>
  </testcase> <!-- @BeforeClass createObject -->
  <testcase classname="testclasses.BaseClass" name="@BeforeClass createObject" time="0.0">
    <skipped/>
  </testcase> <!-- @BeforeClass createObject -->
  <testcase classname="testclasses.LoginTest" name="validateTitleofPage" time="0.0">
    <skipped/>
  </testcase> <!-- validateTitleofPage -->
  <testcase classname="testclasses.LoginTest" name="verifyLogin" time="0.001">
    <skipped/>
  </testcase> <!-- verifyLogin -->
  <testcase classname="testclasses.HomeTest" name="selectProduct" time="0.0">
    <skipped/>
  </testcase> <!-- selectProduct -->
  <testcase classname="testclasses.HomeTest" name="validateTitleofPage" time="0.0">
    <skipped/>
  </testcase> <!-- validateTitleofPage -->
  <testcase classname="testclasses.HomeTest" name="verifyAddToCartClick" time="0.0">
    <skipped/>
  </testcase> <!-- verifyAddToCartClick -->
  <testcase classname="testclasses.ProductTest" name="verifyAddToCart" time="0.0">
    <skipped/>
  </testcase> <!-- verifyAddToCart -->
  <testcase classname="testclasses.ProductTest" name="validateTitleofPage" time="0.0">
    <skipped/>
  </testcase> <!-- validateTitleofPage -->
  <testcase classname="testclasses.ProductTest" name="verifyNavigation" time="0.0">
    <skipped/>
  </testcase> <!-- verifyNavigation -->
  <testcase classname="testclasses.CheckoutTest" name="acceptTAndCCheckbox" time="0.0">
    <skipped/>
  </testcase> <!-- acceptTAndCCheckbox -->
  <testcase classname="testclasses.CheckoutTest" name="verifyCheckout" time="0.0">
    <skipped/>
  </testcase> <!-- verifyCheckout -->
  <testcase classname="testclasses.CheckoutTest" name="validateTitleofPage" time="0.0">
    <skipped/>
  </testcase> <!-- validateTitleofPage -->
  <testcase classname="testclasses.BaseClass" name="@AfterSuite tearDown" time="0.0">
    <ignored/>
  </testcase> <!-- @AfterSuite tearDown -->
  <testcase classname="testclasses.BaseClass" name="@AfterSuite tearDown" time="0.0">
    <ignored/>
  </testcase> <!-- @AfterSuite tearDown -->
  <testcase classname="testclasses.ProductTest" name="ChooseGreenColor" time="0.0">
    <ignored/>
  </testcase> <!-- ChooseGreenColor -->
  <testcase classname="testclasses.BaseClass" name="@BeforeSuite initBrowser" time="0.0">
    <ignored/>
  </testcase> <!-- @BeforeSuite initBrowser -->
  <testcase classname="testclasses.BaseClass" name="@BeforeSuite initBrowser" time="0.0">
    <ignored/>
  </testcase> <!-- @BeforeSuite initBrowser -->
  <testcase classname="testclasses.ProductTest" name="verifyWishList" time="0.0">
    <ignored/>
  </testcase> <!-- verifyWishList -->
  <testcase classname="testclasses.HomeTest" name="clickingOnAPPARELandSHOES" time="0.0">
    <ignored/>
  </testcase> <!-- clickingOnAPPARELandSHOES -->
  <testcase classname="testclasses.BaseClass" name="@AfterSuite tearDown" time="0.0">
    <ignored/>
  </testcase> <!-- @AfterSuite tearDown -->
  <testcase classname="testclasses.BaseClass" name="@BeforeSuite initBrowser" time="0.0">
    <ignored/>
  </testcase> <!-- @BeforeSuite initBrowser -->
  <testcase classname="testclasses.CheckoutTest" name="changeProductQty" time="0.0">
    <ignored/>
  </testcase> <!-- changeProductQty -->
</testsuite> <!--  ChromeTest -->
